f:\visual studio 2015\projects\preprocess\preprocess\x64\debug\anomalyanalysis.obj
f:\visual studio 2015\projects\preprocess\preprocess\x64\debug\clsgeneraloperator.obj
f:\visual studio 2015\projects\preprocess\preprocess\x64\debug\clsgdaloperator.obj
f:\visual studio 2015\projects\preprocess\preprocess\x64\debug\dbscan.obj
f:\visual studio 2015\projects\preprocess\preprocess\x64\debug\main.obj
f:\visual studio 2015\projects\preprocess\preprocess\x64\debug\clshdf4operator.obj
f:\visual studio 2015\projects\preprocess\preprocess\x64\debug\vc140.pdb
f:\visual studio 2015\projects\preprocess\preprocess\x64\debug\convertor.obj
f:\visual studio 2015\projects\preprocess\x64\debug\preprocess.lib
f:\visual studio 2015\projects\preprocess\x64\debug\preprocess.exp
f:\visual studio 2015\projects\preprocess\x64\debug\preprocess.pdb
f:\visual studio 2015\projects\preprocess\preprocess\x64\debug\preprocess.tlog\cl.command.1.tlog
f:\visual studio 2015\projects\preprocess\preprocess\x64\debug\preprocess.tlog\cl.read.1.tlog
f:\visual studio 2015\projects\preprocess\preprocess\x64\debug\preprocess.tlog\cl.write.1.tlog
f:\visual studio 2015\projects\preprocess\preprocess\x64\debug\preprocess.tlog\link-cvtres.read.1.tlog
f:\visual studio 2015\projects\preprocess\preprocess\x64\debug\preprocess.tlog\link-cvtres.write.1.tlog
f:\visual studio 2015\projects\preprocess\preprocess\x64\debug\preprocess.tlog\link-rc.read.1.tlog
f:\visual studio 2015\projects\preprocess\preprocess\x64\debug\preprocess.tlog\link-rc.write.1.tlog
f:\visual studio 2015\projects\preprocess\preprocess\x64\debug\preprocess.tlog\link.15736-cvtres.read.1.tlog
f:\visual studio 2015\projects\preprocess\preprocess\x64\debug\preprocess.tlog\link.15736-cvtres.write.1.tlog
f:\visual studio 2015\projects\preprocess\preprocess\x64\debug\preprocess.tlog\link.15736-rc.read.1.tlog
f:\visual studio 2015\projects\preprocess\preprocess\x64\debug\preprocess.tlog\link.15736-rc.write.1.tlog
f:\visual studio 2015\projects\preprocess\preprocess\x64\debug\preprocess.tlog\link.15736.read.1.tlog
f:\visual studio 2015\projects\preprocess\preprocess\x64\debug\preprocess.tlog\link.15736.write.1.tlog
f:\visual studio 2015\projects\preprocess\preprocess\x64\debug\preprocess.tlog\link.command.1.tlog
f:\visual studio 2015\projects\preprocess\preprocess\x64\debug\preprocess.tlog\link.read.1.tlog
f:\visual studio 2015\projects\preprocess\preprocess\x64\debug\preprocess.tlog\link.write.1.tlog
f:\visual studio 2015\projects\preprocess\preprocess\x64\debug\preprocess.tlog\preprocess.write.1u.tlog
